Unity Editor version:    6000.2.8f1 (c9992ac36c34)
Branch:                  6000.2/respin/6000.2.8f1-e4064264ae96
Build type:              Release
Batch mode:              YES
macOS version:           Version 15.1 (Build 24B83)
Darwin version:          24.1.0
Architecture:            arm64
Running under Rosetta:   NO
Available memory:        24576 MB
Date:                    2025-11-16T19:03:10Z
[Licensing::Module] Trying to connect to existing licensing client channel...
[Licensing::IpcConnector] Successfully connected to: "LicenseClient-egebaykent" at "2025-11-16T19:03:10.73855Z"

COMMAND LINE ARGUMENTS:
/Applications/Unity/Hub/Editor/6000.2.8f1-arm64/Unity.app/Contents/MacOS/Unity
-adb2
-batchMode
-noUpm
-name
AssetImportWorker0
-projectPath
/Users/egebaykent/GameProgrammingRider/GameProgrammingRider
-logFile
Logs/AssetImportWorker0.log
-srvPort
49974
-licensingIpc
LicenseClient-egebaykent
-job-worker-count
3
-background-job-worker-count
8
-gc-helper-count
1
-name AssetImport
Successfully changed project path to: /Users/egebaykent/GameProgrammingRider/GameProgrammingRider
/Users/egebaykent/GameProgrammingRider/GameProgrammingRider
[UnityMemory] Configuration Parameters - Can be set up in boot.config
    "memorysetup-allocator-temp-initial-block-size-main=262144"
    "memorysetup-allocator-temp-initial-block-size-worker=262144"
    "memorysetup-bucket-allocator-granularity=16"
    "memorysetup-bucket-allocator-bucket-count=8"
    "memorysetup-bucket-allocator-block-size=33554432"
    "memorysetup-bucket-allocator-block-count=8"
    "memorysetup-main-allocator-block-size=16777216"
    "memorysetup-thread-allocator-block-size=16777216"
    "memorysetup-gfx-main-allocator-block-size=16777216"
    "memorysetup-gfx-thread-allocator-block-size=16777216"
    "memorysetup-cache-allocator-block-size=4194304"
    "memorysetup-typetree-allocator-block-size=2097152"
    "memorysetup-profiler-bucket-allocator-granularity=16"
    "memorysetup-profiler-bucket-allocator-bucket-count=8"
    "memorysetup-profiler-bucket-allocator-block-size=33554432"
    "memorysetup-profiler-bucket-allocator-block-count=8"
    "memorysetup-profiler-allocator-block-size=16777216"
    "memorysetup-profiler-editor-allocator-block-size=1048576"
    "memorysetup-temp-allocator-size-main=16777216"
    "memorysetup-job-temp-allocator-block-size=2097152"
    "memorysetup-job-temp-allocator-block-size-background=1048576"
    "memorysetup-job-temp-allocator-reduction-small-platforms=262144"
    "memorysetup-temp-allocator-size-background-worker=32768"
    "memorysetup-temp-allocator-size-job-worker=262144"
    "memorysetup-temp-allocator-size-preload-manager=33554432"
    "memorysetup-temp-allocator-size-nav-mesh-worker=65536"
    "memorysetup-temp-allocator-size-audio-worker=65536"
    "memorysetup-temp-allocator-size-cloud-worker=32768"
    "memorysetup-temp-allocator-size-gi-baking-worker=262144"
    "memorysetup-temp-allocator-size-gi-baking-worker=262144"
    "memorysetup-temp-allocator-size-gi-baking-worker=262144"
    "memorysetup-temp-allocator-size-gi-baking-worker=262144"
    "memorysetup-temp-allocator-size-gi-baking-worker=262144"
    "memorysetup-temp-allocator-size-gfx=262144"
Player connection [8613443648]  Target information:

Player connection [8613443648]  * "[IP] 192.168.1.118 [Port] 0 [Flags] 2 [Guid] 655080878 [EditorId] 655080878 [Version] 1048832 [Id] OSXEditor(0,Eges-MacBook.local) [Debug] 1 [PackageName] OSXEditor [ProjectName] Editor" 

Player connection [8613443648] Host joined multi-casting on [225.0.0.222:54997]...
Player connection [8613443648] Host joined alternative multi-casting on [225.0.0.222:34997]...
JobSystem: Creating JobQueue using job-worker-count value 3
Input System module state changed to: Initialized.
[Physics::Module] Initialized fallback backend.
[Physics::Module] Id: 0xdecafbad
Library Redirect Path: Library/
[Physics::Module] Selected backend.
[Physics::Module] Name: PhysX
[Physics::Module] Id: 0xf2b8ea05
[Physics::Module] SDK Version: 4.1.2
[Physics::Module] Integration Version: 1.0.0
[Physics::Module] Threading Mode: Multi-Threaded
Refreshing native plugins compatible for Editor in 7.19 ms, found 3 plugins.
Preloading 0 native plugins for Editor in 0.00 ms.
Initialize engine version: 6000.2.8f1 (c9992ac36c34)
[Subsystems] Discovering subsystems at path /Applications/Unity/Hub/Editor/6000.2.8f1-arm64/Unity.app/Contents/Resources/UnitySubsystems
[Subsystems] Discovering subsystems at path /Users/egebaykent/GameProgrammingRider/GameProgrammingRider/Assets
GfxDevice: creating device client; kGfxThreadingModeNonThreaded
 preferred device: Apple M2 (high power)
Metal devices available: 1
0: Apple M2 (high power)
Using device Apple M2 (high power)
Initializing Metal device caps: Apple M2
Mac GPU Family: 2
Apple GPU Family: 8
MSL Version: 3.0
Has Float MSAA: 1
Has Float Filtering: 1
ReadWrite Texture Tier: 2
Initialize mono
Mono path[0] = '/Applications/Unity/Hub/Editor/6000.2.8f1-arm64/Unity.app/Contents/Managed'
Mono path[1] = '/Applications/Unity/Hub/Editor/6000.2.8f1-arm64/Unity.app/Contents/MonoBleedingEdge/lib/mono/unityjit-macos'
Mono config path = '/Applications/Unity/Hub/Editor/6000.2.8f1-arm64/Unity.app/Contents/MonoBleedingEdge/etc'
Using monoOptions --debugger-agent=transport=dt_socket,embedding=1,server=y,suspend=n,address=127.0.0.1:56009
Begin MonoManager ReloadAssembly
[Licensing::Client] Code 10 while verifying Licensing Client signature (process Id: 3887, path: "/Applications/Unity Hub.app/Contents/Frameworks/UnityLicensingClient_V1.app/Contents/MacOS/Unity.Licensing.Client")
[Licensing::Module] LicensingClient has failed validation; ignoring
[Licensing::Client] Handshaking with LicensingClient:
  Version:                 1.17.3+a4e98f1
  Session Id:              cd643e4858a747a383a44eb27153cab1
  Correlation Id:          7425d09ae7b105a2436593c626aac535
  External correlation Id: 8010644120140257403
  Machine Id:              nL6Jwy++fp8Tb2CZbvHyE/4W84k=
[Licensing::Module] Successfully connected to LicensingClient on channel: "LicenseClient-egebaykent" (connect: 0.00s, validation: 0.00s, handshake: 0.50s)
[Licensing::IpcConnector] Successfully connected to: "LicenseClient-egebaykent-notifications" at "2025-11-16T19:03:11.240955Z"
[Licensing::Module] Licensing Background thread has ended after 0.50s
Registering precompiled unity dll's ...
Trying to register platform support module: /Applications/Unity/Hub/Editor/6000.2.8f1-arm64/PlaybackEngines/WebGLSupport/UnityEditor.WebGL.Extensions.dll (that doesn't exist). Retrying without overrides.
Platform support module is not available: /Applications/Unity/Hub/Editor/6000.2.8f1-arm64/PlaybackEngines/WebGLSupport/UnityEditor.WebGL.Extensions.dll
Register platform support module: /Applications/Unity/Hub/Editor/6000.2.8f1-arm64/Unity.app/Contents/PlaybackEngines/MacStandaloneSupport/UnityEditor.OSXStandalone.Extensions.dll
Register platform support module: /Applications/Unity/Hub/Editor/6000.2.8f1-arm64/PlaybackEngines/WindowsStandaloneSupport/UnityEditor.WindowsStandalone.Extensions.dll
[Licensing::Client] Successfully resolved entitlement details
[Licensing::Module] License group:
  Id: 18967478620188-UnityPersXXXX
  Product: Unity Personal
  Type: Assigned
  Expiration: Unlimited
Register platform support module: /Applications/Unity/Hub/Editor/6000.2.8f1-arm64/PlaybackEngines/AndroidPlayer/UnityEditor.Android.Extensions.dll
[Licensing::Client] Successfully resolved entitlement details
Register platform support module: /Applications/Unity/Hub/Editor/6000.2.8f1-arm64/PlaybackEngines/iOSSupport/UnityEditor.iOS.Extensions.dll
Registered in 0.006010 seconds.
- Loaded All Assemblies, in  0.308 seconds
[usbmuxd] Start listen thread
[usbmuxd] Listen thread started
[usbmuxd] Send listen message
Native extension for iOS target not found
Native extension for Android target not found
Android Extension - Scanning For ADB Devices 85 ms
Native extension for WindowsStandalone target not found
Native extension for OSXStandalone target not found
Mono: successfully reloaded assembly
- Finished resetting the current domain, in  0.416 seconds
Domain Reload Profiling: 724ms
	BeginReloadAssembly (100ms)
		ExecutionOrderSort (0ms)
		DisableScriptedObjects (0ms)
		BackupInstance (0ms)
		ReleaseScriptingObjects (0ms)
		CreateAndSetChildDomain (0ms)
	RebuildCommonClasses (27ms)
	RebuildNativeTypeToScriptingClass (10ms)
	initialDomainReloadingComplete (36ms)
	LoadAllAssembliesAndSetupDomain (135ms)
		LoadAssemblies (101ms)
		RebuildTransferFunctionScriptingTraits (0ms)
		AnalyzeDomain (131ms)
			TypeCache.Refresh (130ms)
				TypeCache.ScanAssembly (119ms)
			BuildScriptInfoCaches (0ms)
			ResolveRequiredComponents (0ms)
	FinalizeReload (416ms)
		ReleaseScriptCaches (0ms)
		RebuildScriptCaches (0ms)
		SetupLoadedEditorAssemblies (382ms)
			LogAssemblyErrors (0ms)
			InitializePlatformSupportModulesInManaged (207ms)
			SetLoadedEditorAssemblies (3ms)
			BeforeProcessingInitializeOnLoad (52ms)
			ProcessInitializeOnLoadAttributes (78ms)
			ProcessInitializeOnLoadMethodAttributes (42ms)
			AfterProcessingInitializeOnLoad (0ms)
			EditorAssembliesLoaded (0ms)
		ExecutionOrderSort2 (0ms)
		AwakeInstancesAfterBackupRestoration (0ms)
Assembly reference Packages/com.unity.cinemachine/Editor/Samples/ExposeHDRPInternals/HDRP-Editor-ref.asmref has no target assembly definition
========================================================================
Worker process is ready to serve import requests
Import Worker Mode flag is 0x00
Assembly reference Packages/com.unity.cinemachine/Editor/Samples/ExposeHDRPInternals/HDRP-Editor-ref.asmref has no target assembly definition
Assembly reference Packages/com.unity.cinemachine/Editor/Samples/ExposeHDRPInternals/HDRP-Editor-ref.asmref has no target assembly definition
Begin MonoManager ReloadAssembly
[Licensing::Client] Successfully resolved entitlement details
- Loaded All Assemblies, in  0.621 seconds
Assembly reference Packages/com.unity.cinemachine/Editor/Samples/ExposeHDRPInternals/HDRP-Editor-ref.asmref has no target assembly definition
'Packages/com.unity.cinemachine/Editor/Obsolete/CinemachineVirtualCameraBaseEditor.cs' contains partial class of Unity.Object, exactly 1 of the partial classes needs to be in a file with the same filename. This is to know the one that can be referenced from ie. GameObjects
'Packages/com.unity.cinemachine/Editor/Editors/CinemachineVirtualCameraBaseEditor.cs' contains partial class of Unity.Object, exactly 1 of the partial classes needs to be in a file with the same filename. This is to know the one that can be referenced from ie. GameObjects
Refreshing native plugins compatible for Editor in 0.54 ms, found 3 plugins.
Native extension for iOS target not found
2025-11-16 22:03:13.101 Unity[6009:70188] [XcodeApplications] Failed to read NSDictionary from path (HfZ/Contents/Info.plist
Native extension for Android target not found
Native extension for WindowsStandalone target not found
Native extension for OSXStandalone target not found
Assembly reference Packages/com.unity.cinemachine/Editor/Samples/ExposeHDRPInternals/HDRP-Editor-ref.asmref has no target assembly definition
Package Manager log level set to [2]
[Package Manager] Failed to launch server process. Reason: Unity was launched with the -noUpm command-line argument
[Package Manager] Unable to send message (not connected to server process).
[Package Manager] Cannot connect to Unity Package Manager local server
[Package Manager] Failed to launch server process. Reason: Unity was launched with the -noUpm command-line argument
[Package Manager] Unable to send message (not connected to server process).
[Package Manager] Cannot connect to Unity Package Manager local server
Mono: successfully reloaded assembly
- Finished resetting the current domain, in  0.662 seconds
Domain Reload Profiling: 1279ms
	BeginReloadAssembly (109ms)
		ExecutionOrderSort (0ms)
		DisableScriptedObjects (4ms)
		BackupInstance (0ms)
		ReleaseScriptingObjects (0ms)
		CreateAndSetChildDomain (33ms)
	RebuildCommonClasses (29ms)
	RebuildNativeTypeToScriptingClass (10ms)
	initialDomainReloadingComplete (24ms)
	LoadAllAssembliesAndSetupDomain (444ms)
		LoadAssemblies (273ms)
		RebuildTransferFunctionScriptingTraits (0ms)
		AnalyzeDomain (215ms)
			TypeCache.Refresh (165ms)
				TypeCache.ScanAssembly (148ms)
			BuildScriptInfoCaches (39ms)
			ResolveRequiredComponents (9ms)
	FinalizeReload (662ms)
		ReleaseScriptCaches (0ms)
		RebuildScriptCaches (0ms)
		SetupLoadedEditorAssemblies (550ms)
			LogAssemblyErrors (0ms)
			InitializePlatformSupportModulesInManaged (11ms)
			SetLoadedEditorAssemblies (4ms)
			BeforeProcessingInitializeOnLoad (98ms)
			ProcessInitializeOnLoadAttributes (351ms)
			ProcessInitializeOnLoadMethodAttributes (84ms)
			AfterProcessingInitializeOnLoad (1ms)
			EditorAssembliesLoaded (0ms)
		ExecutionOrderSort2 (0ms)
		AwakeInstancesAfterBackupRestoration (2ms)
WARNING: Shader Unsupported: 'Universal Render Pipeline/VR/SpatialMapping/Wireframe' - All subshaders removed
WARNING: Shader Did you use #pragma only_renderers and omit this platform?
WARNING: Shader If subshaders removal was intentional, you may have forgotten turning Fallback off?
WARNING: Shader Unsupported: 'Universal Render Pipeline/VR/SpatialMapping/Wireframe' - All subshaders removed
WARNING: Shader Did you use #pragma only_renderers and omit this platform?
WARNING: Shader If subshaders removal was intentional, you may have forgotten turning Fallback off?
Launching external process: /Applications/Unity/Hub/Editor/6000.2.8f1-arm64/Unity.app/Contents/Tools/UnityShaderCompiler
Launched and connected shader compiler UnityShaderCompiler after 0.04 seconds
Refreshing native plugins compatible for Editor in 0.53 ms, found 3 plugins.
Preloading 0 native plugins for Editor in 0.00 ms.
Unloading 16 Unused Serialized files (Serialized files now loaded: 0)
Unloading 7146 unused Assets / (3.4 MB). Loaded Objects now: 7857.
Memory consumption went from 142.9 MB to 139.5 MB.
Total: 8.079041 ms (FindLiveObjects: 0.510250 ms CreateObjectMapping: 0.374250 ms MarkObjects: 5.259417 ms  DeleteObjects: 1.934833 ms)

========================================================================
Received Import Request.
  Time since last request: 2086.540913 seconds.
  path: Assets/InputSystem_Actions.inputactions
  artifactKey: Guid(2bcd2660ca9b64942af0de543d8d7100) Importer(815301076,1909f56bfc062723c751e8b465ee728b)
Start importing Assets/InputSystem_Actions.inputactions using Guid(2bcd2660ca9b64942af0de543d8d7100) Importer(815301076,1909f56bfc062723c751e8b465ee728b) (PreviewImporter) -> (artifact id: 'de76679f4b82718a6d6b6413ff5513bb') in 0.016474917 seconds
Number of updated asset objects reloaded before import = 0Number of asset objects unloaded after import = 19

========================================================================
Received Import Request.
  Time since last request: 0.000044 seconds.
  path: Assets/DefaultVolumeProfile.asset
  artifactKey: Guid(3f9215ea0144899419cfbc0957140d3f) Importer(815301076,1909f56bfc062723c751e8b465ee728b)
Start importing Assets/DefaultVolumeProfile.asset using Guid(3f9215ea0144899419cfbc0957140d3f) Importer(815301076,1909f56bfc062723c751e8b465ee728b) (PreviewImporter) -> (artifact id: '1e3ee85287093c2e01e2184a29fd3edf') in 0.000719459 seconds
Number of updated asset objects reloaded before import = 0Number of asset objects unloaded after import = 0

========================================================================
Received Import Request.
  Time since last request: 1.781423 seconds.
  path: Assets/Personel Folders/Ege
  artifactKey: Guid(2292e42b66b51464e90851a1f208e104) Importer(815301076,1909f56bfc062723c751e8b465ee728b)
Start importing Assets/Personel Folders/Ege using Guid(2292e42b66b51464e90851a1f208e104) Importer(815301076,1909f56bfc062723c751e8b465ee728b) (PreviewImporter) -> (artifact id: 'b4789dc053edf4e24ad39ff0e5a2d77c') in 0.000325125 seconds
Number of updated asset objects reloaded before import = 0Number of asset objects unloaded after import = 0

========================================================================
Received Import Request.
  Time since last request: 2.114346 seconds.
  path: Assets/Personel Folders/Salih
  artifactKey: Guid(7f63a4531df483148910f0e77ad677b0) Importer(815301076,1909f56bfc062723c751e8b465ee728b)
Start importing Assets/Personel Folders/Salih using Guid(7f63a4531df483148910f0e77ad677b0) Importer(815301076,1909f56bfc062723c751e8b465ee728b) (PreviewImporter) -> (artifact id: '511c6b11312d3f00b900ba6ea06e1ddc') in 0.000308417 seconds
Number of updated asset objects reloaded before import = 0Number of asset objects unloaded after import = 0

========================================================================
Received Import Request.
  Time since last request: 1.861564 seconds.
  path: Assets/Personel Folders/Ece
  artifactKey: Guid(07a467ac7e9da8f479ad13d02013a06d) Importer(815301076,1909f56bfc062723c751e8b465ee728b)
Start importing Assets/Personel Folders/Ece using Guid(07a467ac7e9da8f479ad13d02013a06d) Importer(815301076,1909f56bfc062723c751e8b465ee728b) (PreviewImporter) -> (artifact id: 'a705a532c86710673d21b643e0f0e6d0') in 0.000445 seconds
Number of updated asset objects reloaded before import = 0Number of asset objects unloaded after import = 0

========================================================================
Received Import Request.
  Time since last request: 1.537037 seconds.
  path: Assets/Personel Folders/Yaman
  artifactKey: Guid(e024912db78564140ab37c0f8bd91035) Importer(815301076,1909f56bfc062723c751e8b465ee728b)
Start importing Assets/Personel Folders/Yaman using Guid(e024912db78564140ab37c0f8bd91035) Importer(815301076,1909f56bfc062723c751e8b465ee728b) (PreviewImporter) -> (artifact id: '56ccc8b26da02aca843a3aa515d3d6ef') in 0.000305666 seconds
Number of updated asset objects reloaded before import = 0Number of asset objects unloaded after import = 0

========================================================================
Received Import Request.
  Time since last request: 66.777154 seconds.
  path: Assets/Scenes
  artifactKey: Guid(109e9bdd0fcc649c5bc59085c35bdc83) Importer(815301076,1909f56bfc062723c751e8b465ee728b)
Start importing Assets/Scenes using Guid(109e9bdd0fcc649c5bc59085c35bdc83) Importer(815301076,1909f56bfc062723c751e8b465ee728b) (PreviewImporter) -> (artifact id: 'afdff4c3a2fdaa6f8b2ca806ac4aa93d') in 0.000356417 seconds
Number of updated asset objects reloaded before import = 0Number of asset objects unloaded after import = 0

========================================================================
Received Import Request.
  Time since last request: 0.965991 seconds.
  path: Assets/Scenes/Testing Scene.unity
  artifactKey: Guid(8c9cfa26abfee488c85f1582747f6a02) Importer(815301076,1909f56bfc062723c751e8b465ee728b)
Start importing Assets/Scenes/Testing Scene.unity using Guid(8c9cfa26abfee488c85f1582747f6a02) Importer(815301076,1909f56bfc062723c751e8b465ee728b) (PreviewImporter) -> (artifact id: 'fffa531ad8acd89d8d4788a2f7eeeea0') in 0.000283584 seconds
Number of updated asset objects reloaded before import = 0Number of asset objects unloaded after import = 0

========================================================================
Received Prepare
Assembly reference Packages/com.unity.cinemachine/Editor/Samples/ExposeHDRPInternals/HDRP-Editor-ref.asmref has no target assembly definition
Assembly reference Packages/com.unity.cinemachine/Editor/Samples/ExposeHDRPInternals/HDRP-Editor-ref.asmref has no target assembly definition
Begin MonoManager ReloadAssembly
[Licensing::Client] Successfully resolved entitlement details
Thread 0x31e487000 may have been prematurely finalized
- Loaded All Assemblies, in  0.510 seconds
Assembly reference Packages/com.unity.cinemachine/Editor/Samples/ExposeHDRPInternals/HDRP-Editor-ref.asmref has no target assembly definition
'Packages/com.unity.cinemachine/Editor/Obsolete/CinemachineVirtualCameraBaseEditor.cs' contains partial class of Unity.Object, exactly 1 of the partial classes needs to be in a file with the same filename. This is to know the one that can be referenced from ie. GameObjects
'Packages/com.unity.cinemachine/Editor/Editors/CinemachineVirtualCameraBaseEditor.cs' contains partial class of Unity.Object, exactly 1 of the partial classes needs to be in a file with the same filename. This is to know the one that can be referenced from ie. GameObjects
Refreshing native plugins compatible for Editor in 0.39 ms, found 3 plugins.
Native extension for iOS target not found
Native extension for Android target not found
Native extension for WindowsStandalone target not found
Native extension for OSXStandalone target not found
Assembly reference Packages/com.unity.cinemachine/Editor/Samples/ExposeHDRPInternals/HDRP-Editor-ref.asmref has no target assembly definition
[Package Manager] Failed to launch server process. Reason: Unity was launched with the -noUpm command-line argument
[Package Manager] Unable to send message (not connected to server process).
[Package Manager] Cannot connect to Unity Package Manager local server
[Package Manager] Failed to launch server process. Reason: Unity was launched with the -noUpm command-line argument
[Package Manager] Unable to send message (not connected to server process).
[Package Manager] Cannot connect to Unity Package Manager local server
Mono: successfully reloaded assembly
- Finished resetting the current domain, in  0.570 seconds
Domain Reload Profiling: 1083ms
	BeginReloadAssembly (144ms)
		ExecutionOrderSort (0ms)
		DisableScriptedObjects (8ms)
		BackupInstance (0ms)
		ReleaseScriptingObjects (0ms)
		CreateAndSetChildDomain (52ms)
	RebuildCommonClasses (26ms)
	RebuildNativeTypeToScriptingClass (10ms)
	initialDomainReloadingComplete (17ms)
	LoadAllAssembliesAndSetupDomain (315ms)
		LoadAssemblies (206ms)
		RebuildTransferFunctionScriptingTraits (0ms)
		AnalyzeDomain (143ms)
			TypeCache.Refresh (9ms)
				TypeCache.ScanAssembly (0ms)
			BuildScriptInfoCaches (123ms)
			ResolveRequiredComponents (8ms)
	FinalizeReload (571ms)
		ReleaseScriptCaches (0ms)
		RebuildScriptCaches (0ms)
		SetupLoadedEditorAssemblies (469ms)
			LogAssemblyErrors (0ms)
			InitializePlatformSupportModulesInManaged (13ms)
			SetLoadedEditorAssemblies (3ms)
			BeforeProcessingInitializeOnLoad (96ms)
			ProcessInitializeOnLoadAttributes (315ms)
			ProcessInitializeOnLoadMethodAttributes (40ms)
			AfterProcessingInitializeOnLoad (1ms)
			EditorAssembliesLoaded (0ms)
		ExecutionOrderSort2 (0ms)
		AwakeInstancesAfterBackupRestoration (7ms)
WARNING: Shader Unsupported: 'Universal Render Pipeline/VR/SpatialMapping/Wireframe' - All subshaders removed
WARNING: Shader Did you use #pragma only_renderers and omit this platform?
WARNING: Shader If subshaders removal was intentional, you may have forgotten turning Fallback off?
WARNING: Shader Unsupported: 'Universal Render Pipeline/VR/SpatialMapping/Wireframe' - All subshaders removed
WARNING: Shader Did you use #pragma only_renderers and omit this platform?
WARNING: Shader If subshaders removal was intentional, you may have forgotten turning Fallback off?
Refreshing native plugins compatible for Editor in 0.63 ms, found 3 plugins.
Preloading 0 native plugins for Editor in 0.00 ms.
Unloading 16 Unused Serialized files (Serialized files now loaded: 0)
Unloading 7144 unused Assets / (3.4 MB). Loaded Objects now: 7863.
Memory consumption went from 154.8 MB to 151.4 MB.
Total: 8.080709 ms (FindLiveObjects: 0.423625 ms CreateObjectMapping: 0.360292 ms MarkObjects: 5.093125 ms  DeleteObjects: 2.203417 ms)

Prepare: number of updated asset objects reloaded= 0
========================================================================
Received Import Request.
  Time since last request: 1615.906748 seconds.
  path: Assets/DefaultVolumeProfile.asset
  artifactKey: Guid(3f9215ea0144899419cfbc0957140d3f) Importer(2089858483,192608db42251d675da83286b1cce702)
Start importing Assets/DefaultVolumeProfile.asset using Guid(3f9215ea0144899419cfbc0957140d3f) Importer(2089858483,192608db42251d675da83286b1cce702) (ScriptedImporter) -> (artifact id: 'a20022de8fa2119f0ad1573148166100') in 0.166401208 seconds
Number of updated asset objects reloaded before import = 0Number of asset objects unloaded after import = 0

========================================================================
Received Import Request.
  Time since last request: 0.000042 seconds.
  path: Assets/Personel Folders/Salih/Sprites/terrain-ground.png
  artifactKey: Guid(9e1822d5f4d626042a21742cbf67a3fa) Importer(2089858483,192608db42251d675da83286b1cce702)
Start importing Assets/Personel Folders/Salih/Sprites/terrain-ground.png using Guid(9e1822d5f4d626042a21742cbf67a3fa) Importer(2089858483,192608db42251d675da83286b1cce702) (ScriptedImporter)[Licensing::Client] Successfully resolved entitlement details
[Licensing::Client] Successfully resolved entitlement details
 -> (artifact id: '6431120e74e9d717b62182687f98b49e') in 0.052376291 seconds
Number of updated asset objects reloaded before import = 0Number of asset objects unloaded after import = 3

========================================================================
Received Import Request.
  Time since last request: 0.000030 seconds.
  path: Assets/Personel Folders/Salih/Scripts/DriveCar.cs
  artifactKey: Guid(e7e845b9203028e4e9072e6a8d83e4b0) Importer(2089858483,192608db42251d675da83286b1cce702)
Start importing Assets/Personel Folders/Salih/Scripts/DriveCar.cs using Guid(e7e845b9203028e4e9072e6a8d83e4b0) Importer(2089858483,192608db42251d675da83286b1cce702) (ScriptedImporter) -> (artifact id: '52b787cdad2d2ecb8e552f9e79a1d07a') in 0.002366333 seconds
Number of updated asset objects reloaded before import = 0Number of asset objects unloaded after import = 0

========================================================================
Received Import Request.
  Time since last request: 0.000030 seconds.
  path: Assets/Settings/Scenes/URP2DSceneTemplate.unity
  artifactKey: Guid(2cda990e2423bbf4892e6590ba056729) Importer(2089858483,192608db42251d675da83286b1cce702)
Start importing Assets/Settings/Scenes/URP2DSceneTemplate.unity using Guid(2cda990e2423bbf4892e6590ba056729) Importer(2089858483,192608db42251d675da83286b1cce702) (ScriptedImporter) -> (artifact id: '82b7627bc5f8ff787d3c21a8ab01ee2c') in 0.004563417 seconds
Number of updated asset objects reloaded before import = 0Number of asset objects unloaded after import = 1

========================================================================
Received Import Request.
  Time since last request: 0.000038 seconds.
  path: Assets/Personel Folders/Salih/Physics Material/TireFriction.physicsMaterial2D
  artifactKey: Guid(4ae4ed95e737a474294fbf0ccec59497) Importer(2089858483,192608db42251d675da83286b1cce702)
Start importing Assets/Personel Folders/Salih/Physics Material/TireFriction.physicsMaterial2D using Guid(4ae4ed95e737a474294fbf0ccec59497) Importer(2089858483,192608db42251d675da83286b1cce702) (ScriptedImporter) -> (artifact id: 'e60ef1f8d62710e450edde374994469d') in 0.003602792 seconds
Number of updated asset objects reloaded before import = 0Number of asset objects unloaded after import = 1

========================================================================
Received Import Request.
  Time since last request: 0.000042 seconds.
  path: Assets/Personel Folders/Salih/Sprites/icon-restart.png
  artifactKey: Guid(aa79442a11c866c48a4ae912883dc472) Importer(2089858483,192608db42251d675da83286b1cce702)
Start importing Assets/Personel Folders/Salih/Sprites/icon-restart.png using Guid(aa79442a11c866c48a4ae912883dc472) Importer(2089858483,192608db42251d675da83286b1cce702) (ScriptedImporter) -> (artifact id: 'c2252f96ca91d45d86f69734b73ba802') in 0.007744292 seconds
Number of updated asset objects reloaded before import = 0Number of asset objects unloaded after import = 3

========================================================================
Received Import Request.
  Time since last request: 0.000032 seconds.
  path: Assets/Settings/Lit2DSceneTemplate.scenetemplate
  artifactKey: Guid(d03ed43fc9d8a4f2e9fa70c1c7916eb9) Importer(2089858483,192608db42251d675da83286b1cce702)
Start importing Assets/Settings/Lit2DSceneTemplate.scenetemplate using Guid(d03ed43fc9d8a4f2e9fa70c1c7916eb9) Importer(2089858483,192608db42251d675da83286b1cce702) (ScriptedImporter) -> (artifact id: 'b8d3ac7eb5601d34cbe50fcdb84ca64f') in 0.042479791 seconds
Number of updated asset objects reloaded before import = 0Number of asset objects unloaded after import = 3

========================================================================
Received Import Request.
  Time since last request: 0.000031 seconds.
  path: Assets/Personel Folders/Salih/Sprites/fuel-canister.png
  artifactKey: Guid(b44c8845cbe91db4fb91080c30e8b5df) Importer(2089858483,192608db42251d675da83286b1cce702)
Start importing Assets/Personel Folders/Salih/Sprites/fuel-canister.png using Guid(b44c8845cbe91db4fb91080c30e8b5df) Importer(2089858483,192608db42251d675da83286b1cce702) (ScriptedImporter) -> (artifact id: 'c1cff3c377439b2a387a43d12db4a158') in 0.011517625 seconds
Number of updated asset objects reloaded before import = 0Number of asset objects unloaded after import = 3

========================================================================
Received Import Request.
  Time since last request: 0.000034 seconds.
  path: Assets/Personel Folders/Salih/Sprites/Tire.png
  artifactKey: Guid(d7af792c70844004f82cef42ce132545) Importer(2089858483,192608db42251d675da83286b1cce702)
Start importing Assets/Personel Folders/Salih/Sprites/Tire.png using Guid(d7af792c70844004f82cef42ce132545) Importer(2089858483,192608db42251d675da83286b1cce702) (ScriptedImporter) -> (artifact id: '349bb9ef091b741edc3fd5074a584336') in 0.00714225 seconds
Number of updated asset objects reloaded before import = 0Number of asset objects unloaded after import = 3

========================================================================
Received Import Request.
  Time since last request: 0.000039 seconds.
  path: Assets/Settings/UniversalRP.asset
  artifactKey: Guid(681886c5eb7344803b6206f758bf0b1c) Importer(2089858483,192608db42251d675da83286b1cce702)
Start importing Assets/Settings/UniversalRP.asset using Guid(681886c5eb7344803b6206f758bf0b1c) Importer(2089858483,192608db42251d675da83286b1cce702) (ScriptedImporter) -> (artifact id: 'a8328c301219b844d406d248308b556c') in 0.029564833 seconds
Number of updated asset objects reloaded before import = 0Number of asset objects unloaded after import = 1

========================================================================
Received Import Request.
  Time since last request: 0.000025 seconds.
  path: Assets/Personel Folders/Salih/Sprites/terrain-surface.png
  artifactKey: Guid(9e9edbd45cede6141a1b288927fa6548) Importer(2089858483,192608db42251d675da83286b1cce702)
Start importing Assets/Personel Folders/Salih/Sprites/terrain-surface.png using Guid(9e9edbd45cede6141a1b288927fa6548) Importer(2089858483,192608db42251d675da83286b1cce702) (ScriptedImporter) -> (artifact id: 'ab517595af014d75e7e1bfa8c6b122b0') in 0.006637375 seconds
Number of updated asset objects reloaded before import = 0Number of asset objects unloaded after import = 3

========================================================================
Received Import Request.
  Time since last request: 0.000040 seconds.
  path: Assets/Personel Folders/Salih/Scripts/EnvironmentGenerator.cs
  artifactKey: Guid(e1a98973aef186a4182c8a28645b76fc) Importer(2089858483,192608db42251d675da83286b1cce702)
Start importing Assets/Personel Folders/Salih/Scripts/EnvironmentGenerator.cs using Guid(e1a98973aef186a4182c8a28645b76fc) Importer(2089858483,192608db42251d675da83286b1cce702) (ScriptedImporter) -> (artifact id: '831a4b0ea5b66dd6d8eedc42b4f375b9') in 0.002177416 seconds
Number of updated asset objects reloaded before import = 0Number of asset objects unloaded after import = 0

========================================================================
Received Prepare
WARNING: Shader Unsupported: 'Universal Render Pipeline/VR/SpatialMapping/Wireframe' - All subshaders removed
WARNING: Shader Did you use #pragma only_renderers and omit this platform?
WARNING: Shader If subshaders removal was intentional, you may have forgotten turning Fallback off?
WARNING: Shader Unsupported: 'Universal Render Pipeline/VR/SpatialMapping/Wireframe' - All subshaders removed
WARNING: Shader Did you use #pragma only_renderers and omit this platform?
WARNING: Shader If subshaders removal was intentional, you may have forgotten turning Fallback off?
xcrun: error: unable to find utility "metal", not a developer tool or in PATH
xcrun: error: unable to find utility "metal-objdump", not a developer tool or in PATH
Refreshing native plugins compatible for Editor in 2.38 ms, found 3 plugins.
Preloading 0 native plugins for Editor in 0.00 ms.
Unloading 16 Unused Serialized files (Serialized files now loaded: 0)
Unloading 19 unused Assets / (1.9 MB). Loaded Objects now: 7863.
Memory consumption went from 134.5 MB to 132.6 MB.
Total: 9.016542 ms (FindLiveObjects: 0.359791 ms CreateObjectMapping: 0.154042 ms MarkObjects: 8.215750 ms  DeleteObjects: 0.286292 ms)


=================================================================
	Native Crash Reporting
=================================================================
Got a segv while executing native code. This usually indicates
a fatal error in the mono runtime or one of the native libraries 
used by your application.
=================================================================

=================================================================
	Native stacktrace:
=================================================================
	0x15c8c138c - /Applications/Unity/Hub/Editor/6000.2.8f1-arm64/Unity.app/Contents/Frameworks/MonoBleedingEdge/MonoEmbedRuntime/osx/libmonobdwgc-2.0.dylib : mono_dump_native_crash_info
	0x15c88360c - /Applications/Unity/Hub/Editor/6000.2.8f1-arm64/Unity.app/Contents/Frameworks/MonoBleedingEdge/MonoEmbedRuntime/osx/libmonobdwgc-2.0.dylib : mono_handle_native_crash
	0x15c80be14 - /Applications/Unity/Hub/Editor/6000.2.8f1-arm64/Unity.app/Contents/Frameworks/MonoBleedingEdge/MonoEmbedRuntime/osx/libmonobdwgc-2.0.dylib : mono_sigsegv_signal_handler_debug
	0x19c58c184 - /usr/lib/system/libsystem_platform.dylib : _sigtramp
	0x102d81d3c - /Applications/Unity/Hub/Editor/6000.2.8f1-arm64/Unity.app/Contents/MacOS/Unity : _ZNK4core13base_hash_setINS_4pairIKNS_12basic_stringIcNS_20StringStorageDefaultIcEEEEN8keywords12LocalKeywordELb1EEENS_9hash_pairINS_4hashINS_16basic_string_refIcEEEES5_EENS_10equal_pairINSt3__18equal_toISD_EES5_EEE6lookupIS5_SK_EEPNSL_4nodeERKT_RKT0_
	0x102d7e098 - /Applications/Unity/Hub/Editor/6000.2.8f1-arm64/Unity.app/Contents/MacOS/Unity : _ZNK8keywords10LocalSpace4FindERKN4core12basic_stringIcNS1_20StringStorageDefaultIcEEEE
	0x102d7df7c - /Applications/Unity/Hub/Editor/6000.2.8f1-arm64/Unity.app/Contents/MacOS/Unity : _ZN8keywords12KeywordRemap4InitERKNS_10LocalSpaceES3_
	0x102d99f80 - /Applications/Unity/Hub/Editor/6000.2.8f1-arm64/Unity.app/Contents/MacOS/Unity : _ZN9ShaderLab9IntShader15ResolveFallbackERKNS_16SerializedShaderEP6ShaderRN4core6vectorI4PPtrIS4_ENS6_9allocatorIS9_Lm0EEEEEb
	0x102d1ac48 - /Applications/Unity/Hub/Editor/6000.2.8f1-arm64/Unity.app/Contents/MacOS/Unity : _ZN9ShaderLab9IntShader36CreateFromSerializedShaderMainThreadEPS0_RKNS_16SerializedShaderERN4core6vectorI4PPtrI6ShaderENS5_9allocatorIS9_Lm0EEEEEbPS8_
	0x102d1ecb0 - /Applications/Unity/Hub/Editor/6000.2.8f1-arm64/Unity.app/Contents/MacOS/Unity : _Z36ShaderFromSerializedShaderMainThreadPN9ShaderLab9IntShaderEPKNS_16SerializedShaderERN4core6vectorI4PPtrI6ShaderENS5_9allocatorIS9_Lm0EEEEEbPS8_
	0x104b2b658 - /Applications/Unity/Hub/Editor/6000.2.8f1-arm64/Unity.app/Contents/MacOS/Unity : _ZN6Shader20CreateFromParsedFormEv
	0x104b2b8b4 - /Applications/Unity/Hub/Editor/6000.2.8f1-arm64/Unity.app/Contents/MacOS/Unity : _ZN6Shader13AwakeFromLoadE17AwakeFromLoadMode
	0x1030e8808 - /Applications/Unity/Hub/Editor/6000.2.8f1-arm64/Unity.app/Contents/MacOS/Unity : _ZN18AwakeFromLoadQueue28InvokePersistentManagerAwakeEPNS_4ItemEj17AwakeFromLoadModeb
	0x1030e8240 - /Applications/Unity/Hub/Editor/6000.2.8f1-arm64/Unity.app/Contents/MacOS/Unity : _ZN18AwakeFromLoadQueue41PersistentManagerSingleQueueAwakeFromLoadEi17AwakeFromLoadMode
	0x1030e7e80 - /Applications/Unity/Hub/Editor/6000.2.8f1-arm64/Unity.app/Contents/MacOS/Unity : _ZN18AwakeFromLoadQueue39PersistentManagerAwakeFromLoad_NoChecksE17AwakeFromLoadMode
	0x1030baf60 - /Applications/Unity/Hub/Editor/6000.2.8f1-arm64/Unity.app/Contents/MacOS/Unity : _ZN17PersistentManager27IntegrateAllThreadedObjectsEv
	0x1030bc0b8 - /Applications/Unity/Hub/Editor/6000.2.8f1-arm64/Unity.app/Contents/MacOS/Unity : _ZN17PersistentManager38LoadAndIntegrateAllPreallocatedObjectsENS_9LockFlagsE
	0x1030be230 - /Applications/Unity/Hub/Editor/6000.2.8f1-arm64/Unity.app/Contents/MacOS/Unity : _ZN17PersistentManager11LoadObjectsEPK8EntityIdib
	0x10471d95c - /Applications/Unity/Hub/Editor/6000.2.8f1-arm64/Unity.app/Contents/MacOS/Unity : _Z15ReloadInstancesRKN4core6vectorI8EntityIdNS_9allocatorIS1_Lm0EEEEERKNS_8hash_mapIS1_17ScriptingGCHandleNS_4hashIS1_EENSt3__18equal_toIS1_EEEE
	0x10471fa08 - /Applications/Unity/Hub/Editor/6000.2.8f1-arm64/Unity.app/Contents/MacOS/Unity : _Z19ReloadAssetIfLoadedRK9UnityGUID
	0x1046e1058 - /Applications/Unity/Hub/Editor/6000.2.8f1-arm64/Unity.app/Contents/MacOS/Unity : ___ZZN23AssetImportWorkerClient13HandleMessageERK14PrepareMessageENK3$_4clEv_block_invoke
	0x19c3a4658 - /usr/lib/system/libdispatch.dylib : _dispatch_client_callout
	0x19c3b3db0 - /usr/lib/system/libdispatch.dylib : _dispatch_async_and_wait_invoke
	0x19c3a4658 - /usr/lib/system/libdispatch.dylib : _dispatch_client_callout
	0x19c3b2f68 - /usr/lib/system/libdispatch.dylib : _dispatch_main_queue_drain
	0x19c3b2b84 - /usr/lib/system/libdispatch.dylib : _dispatch_main_queue_callback_4CF
	0x19c67ce60 - /System/Library/Frameworks/CoreFoundation.framework/Versions/A/CoreFoundation : __CFRUNLOOP_IS_SERVICING_THE_MAIN_DISPATCH_QUEUE__
	0x19c63ca4c - /System/Library/Frameworks/CoreFoundation.framework/Versions/A/CoreFoundation : __CFRunLoopRun
	0x19c63bbc4 - /System/Library/Frameworks/CoreFoundation.framework/Versions/A/CoreFoundation : CFRunLoopRunSpecific
	0x1a7aabf64 - /System/Library/Frameworks/Carbon.framework/Versions/A/Frameworks/HIToolbox.framework/Versions/A/HIToolbox : RunCurrentEventLoopInMode
	0x1a7ab1d54 - /System/Library/Frameworks/Carbon.framework/Versions/A/Frameworks/HIToolbox.framework/Versions/A/HIToolbox : ReceiveNextEventCommon
	0x1a7ab1eb8 - /System/Library/Frameworks/Carbon.framework/Versions/A/Frameworks/HIToolbox.framework/Versions/A/HIToolbox : _BlockUntilNextEventMatchingListInModeWithFilter
	0x1a0167a08 - /System/Library/Frameworks/AppKit.framework/Versions/C/AppKit : _DPSNextEvent
	0x1a0aa7e0c - /System/Library/Frameworks/AppKit.framework/Versions/C/AppKit : -[NSApplication(NSEventRouting) _nextEventMatchingEventMask:untilDate:inMode:dequeue:]
	0x1a015aae0 - /System/Library/Frameworks/AppKit.framework/Versions/C/AppKit : -[NSApplication run]
	0x1a0131364 - /System/Library/Frameworks/AppKit.framework/Versions/C/AppKit : NSApplicationMain
	0x1052ad5f4 - /Applications/Unity/Hub/Editor/6000.2.8f1-arm64/Unity.app/Contents/MacOS/Unity : _Z10EditorMainiPPKc
	0x1052ad954 - /Applications/Unity/Hub/Editor/6000.2.8f1-arm64/Unity.app/Contents/MacOS/Unity : main
	0x19c1d4274 - /usr/lib/dyld : start

=================================================================
	Telemetry Dumper:
=================================================================
Pkilling 0x6135820288x from 0x8613443648x
Pkilling 0x6429552640x from 0x8613443648x
Pkilling 0x6413479936x from 0x8613443648x
Pkilling 0x6412906496x from 0x8613443648x
Pkilling 0x6412333056x from 0x8613443648x
Pkilling 0x6427406336x from 0x8613443648x
Pkilling 0x13678456832x from 0x8613443648x
Entering thread summarizer pause from 0x8613443648x
Finished thread summarizer pause from 0x8613443648x.
Failed to create breadcrumb file (null)/crash_hash_0x0
debugger-agent: Unable to listen on 47

Waiting for dumping threads to resume

=================================================================
	External Debugger Dump:
=================================================================

=================================================================
	Basic Fault Address Reporting
=================================================================
Memory around native instruction pointer (0x102d81d58):0x102d81d48  8a 02 40 f9 6c f1 7d d3 8c 01 0b cb 40 01 0c 8b  ..@.l.}.....@...
0x102d81d58  0c 00 40 b9 9f 01 09 6b e1 03 00 54 6e 7e 40 39  ..@....k...Tn~@9
0x102d81d68  f1 03 80 52 2f 02 0e cb 6d 0a 40 f9 df 01 01 71  ...R/...m.@....q
0x102d81d78  f0 31 8d 9a 01 9c 40 39 31 02 01 cb 02 0c 40 f9  .1....@91.....@.

=================================================================
	Managed Stacktrace:
=================================================================
=================================================================
Obtained 35 stack frames.
#0  0x00000102d81d58 in core::base_hash_set<core::pair<core::basic_string<char, core::StringStorageDefault<char>> const, keywords::LocalKeyword, true>, core::hash_pair<core::hash<core::basic_string_ref<char>>, core::basic_string<char, core::StringStorageDefault<char>>>, core::equal_pair<std::__1::equal_to<core::basic_string_ref<char>>, core::basic_string<char, core::StringStorageDefault<char>>>>::node* core::base_hash_set<core::pair<core::basic_string<char, core::StringStorageDefault<char>> const, keywords::LocalKeyword, true>, core::hash_pair<core::hash<core::basic_string_ref<char>>, core::basic_string<char, core::StringStorageDefault<char>>>, core::equal_pair<std::__1::equal_to<core::basic_string_ref<char>>, core::basic_string<char, core::StringStorageDefault<char>>>>::lookup<core::basic_string<char, core::StringStorageDefault<char>>, core::equal_pair<std::__1::equal_to<core::basic_string_ref<char>>, core::basic_string<char, core::StringStorageDefault<char>>>>(core::basic_string<char, core::StringStorageDefault<char>> const&, core::equal_pair<std::__1::equal_to<core::basic_string_ref<char>>, core::basic_string<char, core::StringStorageDefault<char>>> const&) const
#1  0x00000102d7e098 in keywords::LocalSpace::Find(core::basic_string<char, core::StringStorageDefault<char>> const&) const
#2  0x00000102d7df7c in keywords::KeywordRemap::Init(keywords::LocalSpace const&, keywords::LocalSpace const&)
#3  0x00000102d99f80 in ShaderLab::IntShader::ResolveFallback(ShaderLab::SerializedShader const&, Shader*, core::vector<PPtr<Shader>, core::allocator<PPtr<Shader>, 0ul>>&, bool)
#4  0x00000102d1ac48 in ShaderLab::IntShader::CreateFromSerializedShaderMainThread(ShaderLab::IntShader*, ShaderLab::SerializedShader const&, core::vector<PPtr<Shader>, core::allocator<PPtr<Shader>, 0ul>>&, bool, Shader*)
#5  0x00000102d1ecb0 in ShaderFromSerializedShaderMainThread(ShaderLab::IntShader*, ShaderLab::SerializedShader const*, core::vector<PPtr<Shader>, core::allocator<PPtr<Shader>, 0ul>>&, bool, Shader*)
#6  0x00000104b2b658 in Shader::CreateFromParsedForm()
#7  0x00000104b2b8b4 in Shader::AwakeFromLoad(AwakeFromLoadMode)
#8  0x000001030e8808 in AwakeFromLoadQueue::InvokePersistentManagerAwake(AwakeFromLoadQueue::Item*, unsigned int, AwakeFromLoadMode, bool)
#9  0x000001030e8240 in AwakeFromLoadQueue::PersistentManagerSingleQueueAwakeFromLoad(int, AwakeFromLoadMode)
#10 0x000001030e7e80 in AwakeFromLoadQueue::PersistentManagerAwakeFromLoad_NoChecks(AwakeFromLoadMode)
#11 0x000001030baf60 in PersistentManager::IntegrateAllThreadedObjects()
#12 0x000001030bc0b8 in PersistentManager::LoadAndIntegrateAllPreallocatedObjects(PersistentManager::LockFlags)
#13 0x000001030be230 in PersistentManager::LoadObjects(EntityId const*, int, bool)
#14 0x0000010471d95c in ReloadInstances(core::vector<EntityId, core::allocator<EntityId, 0ul>> const&, core::hash_map<EntityId, ScriptingGCHandle, core::hash<EntityId>, std::__1::equal_to<EntityId>> const&)
#15 0x0000010471fa08 in ReloadAssetIfLoaded(UnityGUID const&)
#16 0x000001046e1058 in invocation function for block in AssetImportWorkerClient::HandleMessage(PrepareMessage const&)::$_4::operator()() const
#17 0x0000019c3a4658 in _dispatch_client_callout
#18 0x0000019c3b3db0 in _dispatch_async_and_wait_invoke
#19 0x0000019c3a4658 in _dispatch_client_callout
#20 0x0000019c3b2f68 in _dispatch_main_queue_drain
#21 0x0000019c3b2b84 in _dispatch_main_queue_callback_4CF
#22 0x0000019c67ce60 in __CFRUNLOOP_IS_SERVICING_THE_MAIN_DISPATCH_QUEUE__
#23 0x0000019c63ca4c in __CFRunLoopRun
#24 0x0000019c63bbc4 in CFRunLoopRunSpecific
#25 0x000001a7aabf64 in RunCurrentEventLoopInMode
#26 0x000001a7ab1d54 in ReceiveNextEventCommon
#27 0x000001a7ab1eb8 in _BlockUntilNextEventMatchingListInModeWithFilter
#28 0x000001a0167a08 in _DPSNextEvent
#29 0x000001a0aa7e0c in -[NSApplication(NSEventRouting) _nextEventMatchingEventMask:untilDate:inMode:dequeue:]
#30 0x000001a015aae0 in -[NSApplication run]
#31 0x000001a0131364 in NSApplicationMain
#32 0x000001052ad5f4 in EditorMain(int, char const**)
#33 0x000001052ad954 in main
#34 0x0000019c1d4274 in start
